<?xml version="1.0" encoding="UTF-8"?>
<coverage generated="1725322729928" clover="3.2.0">
  <project timestamp="1725322729928" name="All files">
    <metrics statements="3" coveredstatements="3" conditionals="0" coveredconditionals="0" methods="0" coveredmethods="0" elements="3" coveredelements="3" complexity="0" loc="3" ncloc="3" packages="1" files="2" classes="2"/>
    <file name="hello.ts" path="/Users/zhi.khan/src/github.com/waynekhan-net/hello-typescript-jest/src/hello.ts">
      <metrics statements="3" coveredstatements="3" conditionals="0" coveredconditionals="0" methods="0" coveredmethods="0"/>
      <line num="1" count="1" type="stmt"/>
      <line num="3" count="1" type="stmt"/>
      <line num="4" count="1" type="stmt"/>
    </file>
    <file name="styles.scss" path="/Users/zhi.khan/src/github.com/waynekhan-net/hello-typescript-jest/src/styles.scss">
      <metrics statements="0" coveredstatements="0" conditionals="0" coveredconditionals="0" methods="0" coveredmethods="0"/>
    </file>
  </project>
</coverage>
