{"/Users/zhi.khan/src/github.com/waynekhan-net/hello-typescript-jest/src/hello.ts": {"path":"/Users/zhi.khan/src/github.com/waynekhan-net/hello-typescript-jest/src/hello.ts","statementMap":{"0":{"start":{"line":1,"column":0},"end":{"line":1,"column":23}},"1":{"start":{"line":3,"column":13},"end":{"line":3,"column":47}},"2":{"start":{"line":4,"column":0},"end":{"line":4,"column":21}}},"fnMap":{},"branchMap":{},"s":{"0":1,"1":1,"2":1},"f":{},"b":{}}
,"/Users/zhi.khan/src/github.com/waynekhan-net/hello-typescript-jest/src/styles.scss": {"path":"/Users/zhi.khan/src/github.com/waynekhan-net/hello-typescript-jest/src/styles.scss","statementMap":{},"fnMap":{},"branchMap":{},"s":{},"f":{},"b":{},"inputSourceMap":null,"_coverageSchema":"1a1c01bbd47fc00a2c39e90264f33305004495a9","hash":"3d5790f0f84dffe8f204ad9d9cd0043b808b6f46"}
}
